<?xml version="1.0" encoding="UTF-8"?>
<testng-results skipped="0" failed="0" ignored="0" total="1" passed="1">
  <reporter-output>
  </reporter-output>
  <suite name="Suite1" duration-ms="7786" started-at="2018-11-02T11:07:46Z" finished-at="2018-11-02T11:07:54Z">
    <groups>
    </groups>
    <test name="TestApps" duration-ms="7786" started-at="2018-11-02T11:07:46Z" finished-at="2018-11-02T11:07:54Z">
      <class name="androidTestCases.Login">
        <test-method status="PASS" signature="Test()[pri:0, instance:androidTestCases.Login@2d3fcdbd]" name="Test" duration-ms="7118" started-at="2018-11-02T11:07:46Z" finished-at="2018-11-02T11:07:53Z">
          <reporter-output>
          </reporter-output>
        </test-method> <!-- Test -->
        <test-method status="PASS" signature="TearDown()[pri:0, instance:androidTestCases.Login@2d3fcdbd]" name="TearDown" is-config="true" duration-ms="649" started-at="2018-11-02T11:07:53Z" finished-at="2018-11-02T11:07:54Z">
          <reporter-output>
          </reporter-output>
        </test-method> <!-- TearDown -->
      </class> <!-- androidTestCases.Login -->
    </test> <!-- TestApps -->
  </suite> <!-- Suite1 -->
</testng-results>
